0 info it worked if it ends with ok
1 verbose cli [ '/home/taox/software/node-v4.1.1-linux-x64/bin/node',
1 verbose cli   '/home/taox/software/node-v4.1.1-linux-x64/lib/node_modules/cnpm/node_modules/.bin/npm',
1 verbose cli   '--userconfig=/home/taox/.cnpmrc',
1 verbose cli   '--disturl=https://npm.taobao.org/mirrors/node',
1 verbose cli   '--cache=/home/taox/.cnpm',
1 verbose cli   '--registry=https://registry.npm.taobao.org',
1 verbose cli   '--node-gyp=/home/taox/software/node-v4.1.1-linux-x64/lib/node_modules/cnpm/node_modules/node-gyp/bin/node-gyp.js',
1 verbose cli   'install',
1 verbose cli   '--save-dev',
1 verbose cli   'babel-node' ]
2 info using npm@2.14.14
3 info using node@v4.1.1
4 verbose install initial load of /home/taox/workspace/es6-practice/package.json
5 warn package.json es6-practice@0.0.1 No license field.
6 verbose installManyTop reading scoped package data from /home/taox/workspace/es6-practice/node_modules/babel-cli/package.json
7 verbose installManyTop reading scoped package data from /home/taox/workspace/es6-practice/node_modules/babel-plugin-transform-react-jsx/package.json
8 verbose installManyTop reading scoped package data from /home/taox/workspace/es6-practice/node_modules/babel-preset-es2015/package.json
9 verbose readDependencies loading dependencies from /home/taox/workspace/es6-practice/package.json
10 silly cache add args [ 'babel-node', null ]
11 verbose cache add spec babel-node
12 silly cache add parsed spec Result {
12 silly cache add   raw: 'babel-node',
12 silly cache add   scope: null,
12 silly cache add   name: 'babel-node',
12 silly cache add   rawSpec: '',
12 silly cache add   spec: 'latest',
12 silly cache add   type: 'tag' }
13 silly addNamed babel-node@latest
14 verbose addNamed "latest" is being treated as a dist-tag for babel-node
15 info addNameTag [ 'babel-node', 'latest' ]
16 silly mapToRegistry name babel-node
17 silly mapToRegistry using default registry
18 silly mapToRegistry registry https://registry.npm.taobao.org/
19 silly mapToRegistry uri https://registry.npm.taobao.org/babel-node
20 verbose addNameTag registry:https://registry.npm.taobao.org/babel-node not in flight; fetching
21 verbose request uri https://registry.npm.taobao.org/babel-node
22 verbose request no auth needed
23 info attempt registry request try #1 at 17:21:05
24 verbose request id d5761e42393969b4
25 http request GET https://registry.npm.taobao.org/babel-node
26 http 404 https://registry.npm.taobao.org/babel-node
27 verbose headers { 'content-type': 'application/json',
27 verbose headers   'cache-control': 'max-age=0',
27 verbose headers   'content-length': '2',
27 verbose headers   'accept-ranges': 'bytes',
27 verbose headers   date: 'Mon, 25 Jan 2016 09:21:11 GMT',
27 verbose headers   via: '1.1 varnish',
27 verbose headers   age: '0',
27 verbose headers   connection: 'close',
27 verbose headers   'x-served-by': 'cache-ams4143-AMS',
27 verbose headers   'x-cache': 'MISS',
27 verbose headers   'x-cache-hits': '0',
27 verbose headers   'x-timer': 'S1453713671.610707,VS0,VE164' }
28 silly get cb [ 404,
28 silly get   { 'content-type': 'application/json',
28 silly get     'cache-control': 'max-age=0',
28 silly get     'content-length': '2',
28 silly get     'accept-ranges': 'bytes',
28 silly get     date: 'Mon, 25 Jan 2016 09:21:11 GMT',
28 silly get     via: '1.1 varnish',
28 silly get     age: '0',
28 silly get     connection: 'close',
28 silly get     'x-served-by': 'cache-ams4143-AMS',
28 silly get     'x-cache': 'MISS',
28 silly get     'x-cache-hits': '0',
28 silly get     'x-timer': 'S1453713671.610707,VS0,VE164' } ]
29 verbose stack Error: Registry returned 404 for GET on https://registry.npm.taobao.org/babel-node
29 verbose stack     at makeError (/home/taox/software/node-v4.1.1-linux-x64/lib/node_modules/cnpm/node_modules/npm/node_modules/npm-registry-client/lib/request.js:264:12)
29 verbose stack     at CachingRegistryClient.<anonymous> (/home/taox/software/node-v4.1.1-linux-x64/lib/node_modules/cnpm/node_modules/npm/node_modules/npm-registry-client/lib/request.js:242:14)
29 verbose stack     at Request._callback (/home/taox/software/node-v4.1.1-linux-x64/lib/node_modules/cnpm/node_modules/npm/node_modules/npm-registry-client/lib/request.js:172:14)
29 verbose stack     at Request.self.callback (/home/taox/software/node-v4.1.1-linux-x64/lib/node_modules/cnpm/node_modules/npm/node_modules/request/request.js:198:22)
29 verbose stack     at emitTwo (events.js:87:13)
29 verbose stack     at Request.emit (events.js:172:7)
29 verbose stack     at Request.<anonymous> (/home/taox/software/node-v4.1.1-linux-x64/lib/node_modules/cnpm/node_modules/npm/node_modules/request/request.js:1082:10)
29 verbose stack     at emitOne (events.js:82:20)
29 verbose stack     at Request.emit (events.js:169:7)
29 verbose stack     at IncomingMessage.<anonymous> (/home/taox/software/node-v4.1.1-linux-x64/lib/node_modules/cnpm/node_modules/npm/node_modules/request/request.js:1009:12)
30 verbose statusCode 404
31 verbose pkgid babel-node
32 verbose cwd /home/taox/workspace/es6-practice
33 error Linux 3.19.0-39-generic
34 error argv "/home/taox/software/node-v4.1.1-linux-x64/bin/node" "/home/taox/software/node-v4.1.1-linux-x64/lib/node_modules/cnpm/node_modules/.bin/npm" "--userconfig=/home/taox/.cnpmrc" "--disturl=https://npm.taobao.org/mirrors/node" "--cache=/home/taox/.cnpm" "--registry=https://registry.npm.taobao.org" "--node-gyp=/home/taox/software/node-v4.1.1-linux-x64/lib/node_modules/cnpm/node_modules/node-gyp/bin/node-gyp.js" "install" "--save-dev" "babel-node"
35 error node v4.1.1
36 error npm  v2.14.14
37 error code E404
38 error 404 Registry returned 404 for GET on https://registry.npm.taobao.org/babel-node
38 error 404
38 error 404 'babel-node' is not in the npm registry.
38 error 404 You should bug the author to publish it (or use the name yourself!)
38 error 404 It was specified as a dependency of 'es6-practice'
38 error 404
38 error 404 Note that you can also install from a
38 error 404 tarball, folder, http url, or git url.
39 verbose exit [ 1, true ]
